Arguments: 
  /usr/local/bin/node /usr/local/Cellar/yarn/1.7.0/libexec/bin/yarn.js install

PATH: 
  /Volumes/Transcend/Anaconda/anaconda3/bin:/Users/roman/.rbenv/shims:/usr/local/opt/rbenv/bin:/usr/local/bin:/usr/bin:/bin:/usr/sbin:/sbin:/usr/local/share/dotnet:/opt/X11/bin:~/.dotnet/tools

Yarn version: 
  1.7.0

Node version: 
  10.11.0

Platform: 
  darwin x64

Trace: 
  SyntaxError: /Users/roman/WebstormProjects/university/chisl/lab4/package.json: Unexpected token i in JSON at position 134
      at JSON.parse (<anonymous>)
      at /usr/local/Cellar/yarn/1.7.0/libexec/lib/cli.js:1130:59
      at Generator.next (<anonymous>)
      at step (/usr/local/Cellar/yarn/1.7.0/libexec/lib/cli.js:98:30)
      at /usr/local/Cellar/yarn/1.7.0/libexec/lib/cli.js:109:13

npm manifest: 
  {
    "name": "lab4",
    "version": "1.0.0",
    "main": "index.js",
    "license": "MIT",
    "dependencies": {
      "console.table": "^0.10.0"i
    }
  }

yarn manifest: 
  No manifest

Lockfile: 
  No lockfile
